<?xml version="1.0" encoding="UTF-8"?>
<testsuite name="main.UserManagerTest" tests="2" skipped="0" failures="0" errors="0" timestamp="2024-08-18T04:08:12" hostname="Raphaels-MBP.lan" time="0.04">
  <properties/>
  <testcase name="createUser_withUnusedEmail_createsUserSuccessfully()" classname="main.UserManagerTest" time="0.035"/>
  <testcase name="createUser_withEmailInUse_throwsUserExistsException()" classname="main.UserManagerTest" time="0.005"/>
  <system-out><![CDATA[]]></system-out>
  <system-err><![CDATA[]]></system-err>
</testsuite>
